<?xml version="1.0" encoding="utf-8"?><testsuites><testsuite name="pytest" errors="0" failures="0" skipped="0" tests="5" time="0.069" timestamp="2022-02-22T09:04:42.757962" hostname="DESKTOP-EUKALVN"><testcase classname="testpy" name="test_create_database" time="0.016" /><testcase classname="testpy" name="test_clients" time="0.000" /><testcase classname="testpy" name="test_orders" time="0.000" /><testcase classname="testpy" name="test_sum_clients" time="0.018" /><testcase classname="testpy" name="test_sum_orders" time="0.001" /></testsuite></testsuites>